> Task :compileJava UP-TO-DATE
> Task :processResources UP-TO-DATE
> Task :classes UP-TO-DATE
> Task :resolveMainClassName UP-TO-DATE

> Task :bootRun

  .   ____          _            __ _ _
 /\\ / ___'_ __ _ _(_)_ __  __ _ \ \ \ \
( ( )\___ | '_ | '_| | '_ \/ _` | \ \ \ \
 \\/  ___)| |_)| | | | | || (_| |  ) ) ) )
  '  |____| .__|_| |_|_| |_\__, | / / / /
 =========|_|==============|___/=/_/_/_/

 :: Spring Boot ::                (v3.5.0)

2025-06-09T11:49:56.099+09:00  INFO 366088 --- [demo] [           main] com.example.demo.DemoApplication         : Starting DemoApplication using Java 21.0.7 with PID 366088 (/home/hidekazumasuda/src/work01/sample-api/build/classes/java/main started by hidekazumasuda in /home/hidekazumasuda/src/work01/sample-api)
2025-06-09T11:49:56.103+09:00  INFO 366088 --- [demo] [           main] com.example.demo.DemoApplication         : The following 1 profile is active: "dev"
2025-06-09T11:49:57.141+09:00  INFO 366088 --- [demo] [           main] .s.d.r.c.RepositoryConfigurationDelegate : Bootstrapping Spring Data JPA repositories in DEFAULT mode.
2025-06-09T11:49:57.219+09:00  INFO 366088 --- [demo] [           main] .s.d.r.c.RepositoryConfigurationDelegate : Finished Spring Data repository scanning in 65 ms. Found 1 JPA repository interface.
2025-06-09T11:49:58.021+09:00  INFO 366088 --- [demo] [           main] o.s.b.w.embedded.tomcat.TomcatWebServer  : Tomcat initialized with port 8080 (http)
2025-06-09T11:49:58.039+09:00  INFO 366088 --- [demo] [           main] o.apache.catalina.core.StandardService   : Starting service [Tomcat]
2025-06-09T11:49:58.039+09:00  INFO 366088 --- [demo] [           main] o.apache.catalina.core.StandardEngine    : Starting Servlet engine: [Apache Tomcat/10.1.41]
2025-06-09T11:49:58.091+09:00  INFO 366088 --- [demo] [           main] o.a.c.c.C.[Tomcat].[localhost].[/]       : Initializing Spring embedded WebApplicationContext
2025-06-09T11:49:58.093+09:00  INFO 366088 --- [demo] [           main] w.s.c.ServletWebServerApplicationContext : Root WebApplicationContext: initialization completed in 1921 ms
2025-06-09T11:49:58.219+09:00  INFO 366088 --- [demo] [           main] com.zaxxer.hikari.HikariDataSource       : HikariPool-1 - Starting...
2025-06-09T11:49:58.583+09:00  INFO 366088 --- [demo] [           main] com.zaxxer.hikari.pool.HikariPool        : HikariPool-1 - Added connection org.postgresql.jdbc.PgConnection@6b415f5f
2025-06-09T11:49:58.586+09:00  INFO 366088 --- [demo] [           main] com.zaxxer.hikari.HikariDataSource       : HikariPool-1 - Start completed.
2025-06-09T11:49:58.690+09:00  INFO 366088 --- [demo] [           main] o.hibernate.jpa.internal.util.LogHelper  : HHH000204: Processing PersistenceUnitInfo [name: default]
2025-06-09T11:49:58.747+09:00  INFO 366088 --- [demo] [           main] org.hibernate.Version                    : HHH000412: Hibernate ORM core version 6.6.15.Final
2025-06-09T11:49:58.783+09:00  INFO 366088 --- [demo] [           main] o.h.c.internal.RegionFactoryInitiator    : HHH000026: Second-level cache disabled
2025-06-09T11:49:59.152+09:00  INFO 366088 --- [demo] [           main] o.s.o.j.p.SpringPersistenceUnitInfo      : No LoadTimeWeaver setup: ignoring JPA class transformer
2025-06-09T11:49:59.217+09:00  WARN 366088 --- [demo] [           main] org.hibernate.orm.deprecation            : HHH90000025: PostgreSQLDialect does not need to be specified explicitly using 'hibernate.dialect' (remove the property setting and it will be selected by default)
2025-06-09T11:49:59.232+09:00  INFO 366088 --- [demo] [           main] org.hibernate.orm.connections.pooling    : HHH10001005: Database info:
	Database JDBC URL [Connecting through datasource 'HikariDataSource (HikariPool-1)']
	Database driver: undefined/unknown
	Database version: 16.9
	Autocommit mode: undefined/unknown
	Isolation level: undefined/unknown
	Minimum pool size: undefined/unknown
	Maximum pool size: undefined/unknown
2025-06-09T11:50:00.030+09:00  INFO 366088 --- [demo] [           main] o.h.e.t.j.p.i.JtaPlatformInitiator       : HHH000489: No JTA platform available (set 'hibernate.transaction.jta.platform' to enable JTA platform integration)
2025-06-09T11:50:00.033+09:00  INFO 366088 --- [demo] [           main] j.LocalContainerEntityManagerFactoryBean : Initialized JPA EntityManagerFactory for persistence unit 'default'
2025-06-09T11:50:00.283+09:00  WARN 366088 --- [demo] [           main] JpaBaseConfiguration$JpaWebConfiguration : spring.jpa.open-in-view is enabled by default. Therefore, database queries may be performed during view rendering. Explicitly configure spring.jpa.open-in-view to disable this warning
2025-06-09T11:50:00.513+09:00  WARN 366088 --- [demo] [           main] .s.s.UserDetailsServiceAutoConfiguration : 

Using generated security password: 8dac3ced-b23d-4f7a-92e3-501d893a812a

This generated password is for development use only. Your security configuration must be updated before running your application in production.

2025-06-09T11:50:00.523+09:00  INFO 366088 --- [demo] [           main] r$InitializeUserDetailsManagerConfigurer : Global AuthenticationManager configured with UserDetailsService bean with name inMemoryUserDetailsManager
2025-06-09T11:50:01.041+09:00  INFO 366088 --- [demo] [           main] o.s.b.w.embedded.tomcat.TomcatWebServer  : Tomcat started on port 8080 (http) with context path '/'
2025-06-09T11:50:01.052+09:00  INFO 366088 --- [demo] [           main] com.example.demo.DemoApplication         : Started DemoApplication in 5.699 seconds (process running for 6.132)
Hibernate: 
    select
        count(*) 
    from
        users u1_0
ユーザー数: 3
2025-06-09T11:50:10.739+09:00  INFO 366088 --- [demo] [nio-8080-exec-1] o.a.c.c.C.[Tomcat].[localhost].[/]       : Initializing Spring DispatcherServlet 'dispatcherServlet'
2025-06-09T11:50:10.740+09:00  INFO 366088 --- [demo] [nio-8080-exec-1] o.s.web.servlet.DispatcherServlet        : Initializing Servlet 'dispatcherServlet'
2025-06-09T11:50:10.744+09:00  INFO 366088 --- [demo] [nio-8080-exec-1] o.s.web.servlet.DispatcherServlet        : Completed initialization in 4 ms
Hibernate: 
    select
        u1_0.id,
        u1_0.created_at,
        u1_0.email,
        u1_0.name 
    from
        users u1_0
